2022-02-18 00:03:13,566 INFO org.springframework.boot.StartupInfoLogger [main] Starting BatchProcessingApplication using Java 1.8.0_322 on minhdh-ThinkPad-X250 with PID 136336 (/home/minhdh/Downloads/batch-processing/target/classes started by minhdh in /home/minhdh/Downloads/batch-processing)
2022-02-18 00:03:13,570 INFO org.springframework.boot.SpringApplication [main] No active profile set, falling back to default profiles: default
2022-02-18 00:03:14,831 INFO org.springframework.core.log.LogAccessor [main] No bean named 'errorChannel' has been explicitly defined. Therefore, a default PublishSubscribeChannel will be created.
2022-02-18 00:03:14,848 INFO org.springframework.core.log.LogAccessor [main] No bean named 'integrationHeaderChannelRegistry' has been explicitly defined. Therefore, a default DefaultHeaderChannelRegistry will be created.
2022-02-18 00:03:15,094 INFO org.springframework.context.support.PostProcessorRegistrationDelegate$BeanPostProcessorChecker [main] Bean 'org.springframework.integration.config.IntegrationManagementConfiguration' of type [org.springframework.integration.config.IntegrationManagementConfiguration] is not eligible for getting processed by all BeanPostProcessors (for example: not eligible for auto-proxying)
2022-02-18 00:03:15,110 INFO org.springframework.context.support.PostProcessorRegistrationDelegate$BeanPostProcessorChecker [main] Bean 'integrationChannelResolver' of type [org.springframework.integration.support.channel.BeanFactoryChannelResolver] is not eligible for getting processed by all BeanPostProcessors (for example: not eligible for auto-proxying)
2022-02-18 00:03:15,216 INFO com.zaxxer.hikari.HikariDataSource [main] HikariPool-1 - Starting...
2022-02-18 00:03:15,219 WARN com.zaxxer.hikari.util.DriverDataSource [main] Registered driver with driverClassName=com.mysql.jdbc.Driver was not found, trying direct instantiation.
2022-02-18 00:03:15,581 INFO com.zaxxer.hikari.HikariDataSource [main] HikariPool-1 - Start completed.
2022-02-18 00:03:16,264 INFO org.springframework.batch.core.repository.support.JobRepositoryFactoryBean [main] No database type set, using meta data indicating: MYSQL
2022-02-18 00:03:16,364 INFO org.springframework.batch.core.launch.support.SimpleJobLauncher [main] No TaskExecutor has been set, defaulting to synchronous executor.
2022-02-18 00:03:16,562 INFO org.springframework.core.log.LogAccessor [main] Adding {logging-channel-adapter:_org.springframework.integration.errorLogger} as a subscriber to the 'errorChannel' channel
2022-02-18 00:03:16,563 INFO org.springframework.core.log.LogAccessor [main] Channel 'application.errorChannel' has 1 subscriber(s).
2022-02-18 00:03:16,563 INFO org.springframework.core.log.LogAccessor [main] started bean '_org.springframework.integration.errorLogger'
2022-02-18 00:03:16,570 INFO org.springframework.core.log.LogAccessor [main] Adding {transformer} as a subscriber to the 'sampleFlow.channel#0' channel
2022-02-18 00:03:16,570 INFO org.springframework.core.log.LogAccessor [main] Channel 'application.sampleFlow.channel#0' has 1 subscriber(s).
2022-02-18 00:03:16,570 INFO org.springframework.core.log.LogAccessor [main] started bean 'sampleFlow.org.springframework.integration.config.ConsumerEndpointFactoryBean#0'; defined in: 'class path resource [com/example/batchprocessing/IntegrationConfiguration.class]'; from source: 'bean method sampleFlow'
2022-02-18 00:03:16,571 INFO org.springframework.core.log.LogAccessor [main] Adding {filter} as a subscriber to the 'sampleFlow.channel#1' channel
2022-02-18 00:03:16,571 INFO org.springframework.core.log.LogAccessor [main] Channel 'application.sampleFlow.channel#1' has 1 subscriber(s).
2022-02-18 00:03:16,571 INFO org.springframework.core.log.LogAccessor [main] started bean 'sampleFlow.org.springframework.integration.config.ConsumerEndpointFactoryBean#1'; defined in: 'class path resource [com/example/batchprocessing/IntegrationConfiguration.class]'; from source: 'bean method sampleFlow'
2022-02-18 00:03:16,571 INFO org.springframework.core.log.LogAccessor [main] Adding {message-handler} as a subscriber to the 'sampleFlow.channel#2' channel
2022-02-18 00:03:16,572 INFO org.springframework.core.log.LogAccessor [main] Channel 'application.sampleFlow.channel#2' has 1 subscriber(s).
2022-02-18 00:03:16,572 INFO org.springframework.core.log.LogAccessor [main] started bean 'sampleFlow.org.springframework.integration.config.ConsumerEndpointFactoryBean#2'; defined in: 'class path resource [com/example/batchprocessing/IntegrationConfiguration.class]'; from source: 'bean method sampleFlow'
2022-02-18 00:03:16,573 INFO org.springframework.core.log.LogAccessor [main] Adding {bridge} as a subscriber to the 'sampleFlow.channel#4' channel
2022-02-18 00:03:16,573 INFO org.springframework.core.log.LogAccessor [main] Channel 'application.sampleFlow.channel#4' has 1 subscriber(s).
2022-02-18 00:03:16,573 INFO org.springframework.core.log.LogAccessor [main] started bean 'sampleFlow.org.springframework.integration.config.ConsumerEndpointFactoryBean#3'; defined in: 'class path resource [com/example/batchprocessing/IntegrationConfiguration.class]'; from source: 'bean method sampleFlow'
2022-02-18 00:03:16,581 INFO org.springframework.core.log.LogAccessor [main] started bean 'sampleFlow.org.springframework.integration.config.SourcePollingChannelAdapterFactoryBean#0'; defined in: 'class path resource [com/example/batchprocessing/IntegrationConfiguration.class]'; from source: 'bean method sampleFlow'
2022-02-18 00:03:16,594 INFO org.springframework.boot.StartupInfoLogger [main] Started BatchProcessingApplication in 3.753 seconds (JVM running for 4.785)
2022-02-18 00:03:32,687 INFO org.springframework.batch.core.launch.support.SimpleJobLauncher$1 [taskExecutor-1] Job: [FlowJob: [name=importTaskJob]] launched with the following parameters: [{file_path=/tmp/dropfolder/task.csv, timestamp=1645117412597}]
2022-02-18 00:03:32,689 INFO org.springframework.core.log.LogAccessor [scheduling-1] GenericMessage [payload=JobExecution: id=25, version=0, startTime=null, endTime=null, lastUpdated=Fri Feb 18 00:03:32 ICT 2022, status=STARTING, exitStatus=exitCode=UNKNOWN;exitDescription=, job=[JobInstance: id=25, version=0, Job=[importTaskJob]], jobParameters=[{file_path=/tmp/dropfolder/task.csv, timestamp=1645117412597}], headers={file_originalFile=/tmp/dropfolder/task.csv, id=890d0978-7f46-3312-a22b-5b7be1d7b40b, file_name=task.csv, file_relativePath=task.csv, timestamp=1645117412687}]
2022-02-18 00:03:32,727 INFO org.springframework.batch.core.launch.support.SimpleJobLauncher$1 [taskExecutor-2] Job: [FlowJob: [name=importTeamJob]] launched with the following parameters: [{file_path=/tmp/dropfolder/team.csv, timestamp=1645117412691}]
2022-02-18 00:03:32,728 INFO org.springframework.core.log.LogAccessor [scheduling-1] GenericMessage [payload=JobExecution: id=26, version=0, startTime=null, endTime=null, lastUpdated=Fri Feb 18 00:03:32 ICT 2022, status=STARTING, exitStatus=exitCode=UNKNOWN;exitDescription=, job=[JobInstance: id=26, version=0, Job=[importTeamJob]], jobParameters=[{file_path=/tmp/dropfolder/team.csv, timestamp=1645117412691}], headers={file_originalFile=/tmp/dropfolder/team.csv, id=9945fdd3-c5ff-62c4-2958-4cb00518064b, file_name=team.csv, file_relativePath=team.csv, timestamp=1645117412727}]
2022-02-18 00:03:32,769 INFO org.springframework.batch.core.job.SimpleStepHandler [taskExecutor-1] Executing step: [importTaskStep]
2022-02-18 00:03:32,772 INFO org.springframework.batch.core.job.SimpleStepHandler [taskExecutor-2] Executing step: [importTeamStep]
2022-02-18 00:03:32,774 INFO org.springframework.batch.core.launch.support.SimpleJobLauncher$1 [taskExecutor-3] Job: [FlowJob: [name=importTeamSkillJob]] launched with the following parameters: [{file_path=/tmp/dropfolder/team_skill.csv, timestamp=1645117412729}]
2022-02-18 00:03:32,775 INFO org.springframework.core.log.LogAccessor [scheduling-1] GenericMessage [payload=JobExecution: id=27, version=0, startTime=null, endTime=null, lastUpdated=Fri Feb 18 00:03:32 ICT 2022, status=STARTING, exitStatus=exitCode=UNKNOWN;exitDescription=, job=[JobInstance: id=27, version=0, Job=[importTeamSkillJob]], jobParameters=[{file_path=/tmp/dropfolder/team_skill.csv, timestamp=1645117412729}], headers={file_originalFile=/tmp/dropfolder/team_skill.csv, id=99cbe861-db11-8b45-caf4-2adad5213d23, file_name=team_skill.csv, file_relativePath=team_skill.csv, timestamp=1645117412774}]
2022-02-18 00:03:32,817 INFO org.springframework.batch.core.job.SimpleStepHandler [taskExecutor-3] Executing step: [importTeamSkillStep]
2022-02-18 00:03:32,949 ERROR org.springframework.batch.core.step.AbstractStep [taskExecutor-1] Encountered an error executing step importTaskStep in job importTaskJob
org.springframework.dao.DuplicateKeyException: PreparedStatementCallback; SQL [INSERT INTO task (task_id, skill) VALUES (?, ?)]; Duplicate entry 'TASK_5-SKILL_2' for key 'task.PRIMARY'; nested exception is java.sql.BatchUpdateException: Duplicate entry 'TASK_5-SKILL_2' for key 'task.PRIMARY'
	at org.springframework.jdbc.support.SQLErrorCodeSQLExceptionTranslator.doTranslate(SQLErrorCodeSQLExceptionTranslator.java:247)
	at org.springframework.jdbc.support.AbstractFallbackSQLExceptionTranslator.translate(AbstractFallbackSQLExceptionTranslator.java:70)
	at org.springframework.jdbc.core.JdbcTemplate.translateException(JdbcTemplate.java:1541)
	at org.springframework.jdbc.core.JdbcTemplate.execute(JdbcTemplate.java:667)
	at org.springframework.jdbc.core.JdbcTemplate.execute(JdbcTemplate.java:691)
	at org.springframework.jdbc.core.JdbcTemplate.batchUpdate(JdbcTemplate.java:1034)
	at org.springframework.jdbc.core.namedparam.NamedParameterJdbcTemplate.batchUpdate(NamedParameterJdbcTemplate.java:373)
	at org.springframework.batch.item.database.JdbcBatchItemWriter.write(JdbcBatchItemWriter.java:182)
	at org.springframework.batch.core.step.item.SimpleChunkProcessor.writeItems(SimpleChunkProcessor.java:193)
	at org.springframework.batch.core.step.item.SimpleChunkProcessor.doWrite(SimpleChunkProcessor.java:159)
	at org.springframework.batch.core.step.item.SimpleChunkProcessor.write(SimpleChunkProcessor.java:294)
	at org.springframework.batch.core.step.item.SimpleChunkProcessor.process(SimpleChunkProcessor.java:217)
	at org.springframework.batch.core.step.item.ChunkOrientedTasklet.execute(ChunkOrientedTasklet.java:77)
	at org.springframework.batch.core.step.tasklet.TaskletStep$ChunkTransactionCallback.doInTransaction(TaskletStep.java:407)
	at org.springframework.batch.core.step.tasklet.TaskletStep$ChunkTransactionCallback.doInTransaction(TaskletStep.java:331)
	at org.springframework.transaction.support.TransactionTemplate.execute(TransactionTemplate.java:140)
	at org.springframework.batch.core.step.tasklet.TaskletStep$2.doInChunkContext(TaskletStep.java:273)
	at org.springframework.batch.core.scope.context.StepContextRepeatCallback.doInIteration(StepContextRepeatCallback.java:82)
	at org.springframework.batch.repeat.support.RepeatTemplate.getNextResult(RepeatTemplate.java:375)
	at org.springframework.batch.repeat.support.RepeatTemplate.executeInternal(RepeatTemplate.java:215)
	at org.springframework.batch.repeat.support.RepeatTemplate.iterate(RepeatTemplate.java:145)
	at org.springframework.batch.core.step.tasklet.TaskletStep.doExecute(TaskletStep.java:258)
	at org.springframework.batch.core.step.AbstractStep.execute(AbstractStep.java:208)
	at org.springframework.batch.core.job.SimpleStepHandler.handleStep(SimpleStepHandler.java:152)
	at org.springframework.batch.core.job.flow.JobFlowExecutor.executeStep(JobFlowExecutor.java:68)
	at org.springframework.batch.core.job.flow.support.state.StepState.handle(StepState.java:68)
	at org.springframework.batch.core.job.flow.support.SimpleFlow.resume(SimpleFlow.java:169)
	at org.springframework.batch.core.job.flow.support.SimpleFlow.start(SimpleFlow.java:144)
	at org.springframework.batch.core.job.flow.FlowJob.doExecute(FlowJob.java:137)
	at org.springframework.batch.core.job.AbstractJob.execute(AbstractJob.java:320)
	at org.springframework.batch.core.launch.support.SimpleJobLauncher$1.run(SimpleJobLauncher.java:149)
	at java.util.concurrent.ThreadPoolExecutor.runWorker(ThreadPoolExecutor.java:1149)
	at java.util.concurrent.ThreadPoolExecutor$Worker.run(ThreadPoolExecutor.java:624)
	at java.lang.Thread.run(Thread.java:750)
Caused by: java.sql.BatchUpdateException: Duplicate entry 'TASK_5-SKILL_2' for key 'task.PRIMARY'
	at sun.reflect.NativeConstructorAccessorImpl.newInstance0(Native Method)
	at sun.reflect.NativeConstructorAccessorImpl.newInstance(NativeConstructorAccessorImpl.java:62)
	at sun.reflect.DelegatingConstructorAccessorImpl.newInstance(DelegatingConstructorAccessorImpl.java:45)
	at java.lang.reflect.Constructor.newInstance(Constructor.java:423)
	at com.mysql.cj.util.Util.handleNewInstance(Util.java:192)
	at com.mysql.cj.util.Util.getInstance(Util.java:167)
	at com.mysql.cj.util.Util.getInstance(Util.java:174)
	at com.mysql.cj.jdbc.exceptions.SQLError.createBatchUpdateException(SQLError.java:224)
	at com.mysql.cj.jdbc.ClientPreparedStatement.executeBatchSerially(ClientPreparedStatement.java:853)
	at com.mysql.cj.jdbc.ClientPreparedStatement.executeBatchInternal(ClientPreparedStatement.java:435)
	at com.mysql.cj.jdbc.StatementImpl.executeBatch(StatementImpl.java:795)
	at com.zaxxer.hikari.pool.ProxyStatement.executeBatch(ProxyStatement.java:127)
	at com.zaxxer.hikari.pool.HikariProxyPreparedStatement.executeBatch(HikariProxyPreparedStatement.java)
	at org.springframework.jdbc.core.JdbcTemplate.lambda$batchUpdate$4(JdbcTemplate.java:1048)
	at org.springframework.jdbc.core.JdbcTemplate.execute(JdbcTemplate.java:651)
	... 30 common frames omitted
Caused by: java.sql.SQLIntegrityConstraintViolationException: Duplicate entry 'TASK_5-SKILL_2' for key 'task.PRIMARY'
	at com.mysql.cj.jdbc.exceptions.SQLError.createSQLException(SQLError.java:117)
	at com.mysql.cj.jdbc.exceptions.SQLExceptionsMapping.translateException(SQLExceptionsMapping.java:122)
	at com.mysql.cj.jdbc.ClientPreparedStatement.executeInternal(ClientPreparedStatement.java:953)
	at com.mysql.cj.jdbc.ClientPreparedStatement.executeUpdateInternal(ClientPreparedStatement.java:1098)
	at com.mysql.cj.jdbc.ClientPreparedStatement.executeBatchSerially(ClientPreparedStatement.java:832)
	... 36 common frames omitted
2022-02-18 00:03:32,949 ERROR org.springframework.batch.core.step.AbstractStep [taskExecutor-2] Encountered an error executing step importTeamStep in job importTeamJob
org.springframework.dao.DuplicateKeyException: PreparedStatementCallback; SQL [INSERT INTO team (team_id) VALUES (?)]; Duplicate entry 'TEAM_05' for key 'team.PRIMARY'; nested exception is java.sql.BatchUpdateException: Duplicate entry 'TEAM_05' for key 'team.PRIMARY'
	at org.springframework.jdbc.support.SQLErrorCodeSQLExceptionTranslator.doTranslate(SQLErrorCodeSQLExceptionTranslator.java:247)
	at org.springframework.jdbc.support.AbstractFallbackSQLExceptionTranslator.translate(AbstractFallbackSQLExceptionTranslator.java:70)
	at org.springframework.jdbc.core.JdbcTemplate.translateException(JdbcTemplate.java:1541)
	at org.springframework.jdbc.core.JdbcTemplate.execute(JdbcTemplate.java:667)
	at org.springframework.jdbc.core.JdbcTemplate.execute(JdbcTemplate.java:691)
	at org.springframework.jdbc.core.JdbcTemplate.batchUpdate(JdbcTemplate.java:1034)
	at org.springframework.jdbc.core.namedparam.NamedParameterJdbcTemplate.batchUpdate(NamedParameterJdbcTemplate.java:373)
	at org.springframework.batch.item.database.JdbcBatchItemWriter.write(JdbcBatchItemWriter.java:182)
	at org.springframework.batch.core.step.item.SimpleChunkProcessor.writeItems(SimpleChunkProcessor.java:193)
	at org.springframework.batch.core.step.item.SimpleChunkProcessor.doWrite(SimpleChunkProcessor.java:159)
	at org.springframework.batch.core.step.item.SimpleChunkProcessor.write(SimpleChunkProcessor.java:294)
	at org.springframework.batch.core.step.item.SimpleChunkProcessor.process(SimpleChunkProcessor.java:217)
	at org.springframework.batch.core.step.item.ChunkOrientedTasklet.execute(ChunkOrientedTasklet.java:77)
	at org.springframework.batch.core.step.tasklet.TaskletStep$ChunkTransactionCallback.doInTransaction(TaskletStep.java:407)
	at org.springframework.batch.core.step.tasklet.TaskletStep$ChunkTransactionCallback.doInTransaction(TaskletStep.java:331)
	at org.springframework.transaction.support.TransactionTemplate.execute(TransactionTemplate.java:140)
	at org.springframework.batch.core.step.tasklet.TaskletStep$2.doInChunkContext(TaskletStep.java:273)
	at org.springframework.batch.core.scope.context.StepContextRepeatCallback.doInIteration(StepContextRepeatCallback.java:82)
	at org.springframework.batch.repeat.support.RepeatTemplate.getNextResult(RepeatTemplate.java:375)
	at org.springframework.batch.repeat.support.RepeatTemplate.executeInternal(RepeatTemplate.java:215)
	at org.springframework.batch.repeat.support.RepeatTemplate.iterate(RepeatTemplate.java:145)
	at org.springframework.batch.core.step.tasklet.TaskletStep.doExecute(TaskletStep.java:258)
	at org.springframework.batch.core.step.AbstractStep.execute(AbstractStep.java:208)
	at org.springframework.batch.core.job.SimpleStepHandler.handleStep(SimpleStepHandler.java:152)
	at org.springframework.batch.core.job.flow.JobFlowExecutor.executeStep(JobFlowExecutor.java:68)
	at org.springframework.batch.core.job.flow.support.state.StepState.handle(StepState.java:68)
	at org.springframework.batch.core.job.flow.support.SimpleFlow.resume(SimpleFlow.java:169)
	at org.springframework.batch.core.job.flow.support.SimpleFlow.start(SimpleFlow.java:144)
	at org.springframework.batch.core.job.flow.FlowJob.doExecute(FlowJob.java:137)
	at org.springframework.batch.core.job.AbstractJob.execute(AbstractJob.java:320)
	at org.springframework.batch.core.launch.support.SimpleJobLauncher$1.run(SimpleJobLauncher.java:149)
	at java.util.concurrent.ThreadPoolExecutor.runWorker(ThreadPoolExecutor.java:1149)
	at java.util.concurrent.ThreadPoolExecutor$Worker.run(ThreadPoolExecutor.java:624)
	at java.lang.Thread.run(Thread.java:750)
Caused by: java.sql.BatchUpdateException: Duplicate entry 'TEAM_05' for key 'team.PRIMARY'
	at sun.reflect.NativeConstructorAccessorImpl.newInstance0(Native Method)
	at sun.reflect.NativeConstructorAccessorImpl.newInstance(NativeConstructorAccessorImpl.java:62)
	at sun.reflect.DelegatingConstructorAccessorImpl.newInstance(DelegatingConstructorAccessorImpl.java:45)
	at java.lang.reflect.Constructor.newInstance(Constructor.java:423)
	at com.mysql.cj.util.Util.handleNewInstance(Util.java:192)
	at com.mysql.cj.util.Util.getInstance(Util.java:167)
	at com.mysql.cj.util.Util.getInstance(Util.java:174)
	at com.mysql.cj.jdbc.exceptions.SQLError.createBatchUpdateException(SQLError.java:224)
	at com.mysql.cj.jdbc.ClientPreparedStatement.executeBatchSerially(ClientPreparedStatement.java:853)
	at com.mysql.cj.jdbc.ClientPreparedStatement.executeBatchInternal(ClientPreparedStatement.java:435)
	at com.mysql.cj.jdbc.StatementImpl.executeBatch(StatementImpl.java:795)
	at com.zaxxer.hikari.pool.ProxyStatement.executeBatch(ProxyStatement.java:127)
	at com.zaxxer.hikari.pool.HikariProxyPreparedStatement.executeBatch(HikariProxyPreparedStatement.java)
	at org.springframework.jdbc.core.JdbcTemplate.lambda$batchUpdate$4(JdbcTemplate.java:1048)
	at org.springframework.jdbc.core.JdbcTemplate.execute(JdbcTemplate.java:651)
	... 30 common frames omitted
Caused by: java.sql.SQLIntegrityConstraintViolationException: Duplicate entry 'TEAM_05' for key 'team.PRIMARY'
	at com.mysql.cj.jdbc.exceptions.SQLError.createSQLException(SQLError.java:117)
	at com.mysql.cj.jdbc.exceptions.SQLExceptionsMapping.translateException(SQLExceptionsMapping.java:122)
	at com.mysql.cj.jdbc.ClientPreparedStatement.executeInternal(ClientPreparedStatement.java:953)
	at com.mysql.cj.jdbc.ClientPreparedStatement.executeUpdateInternal(ClientPreparedStatement.java:1098)
	at com.mysql.cj.jdbc.ClientPreparedStatement.executeBatchSerially(ClientPreparedStatement.java:832)
	... 36 common frames omitted
2022-02-18 00:03:32,949 ERROR org.springframework.batch.core.step.AbstractStep [taskExecutor-3] Encountered an error executing step importTeamSkillStep in job importTeamSkillJob
org.springframework.dao.DuplicateKeyException: PreparedStatementCallback; SQL [INSERT INTO team_skill (team_id, skill) VALUES (?, ?)]; Duplicate entry 'TEAM_05-SKILL_3' for key 'team_skill.PRIMARY'; nested exception is java.sql.BatchUpdateException: Duplicate entry 'TEAM_05-SKILL_3' for key 'team_skill.PRIMARY'
	at org.springframework.jdbc.support.SQLErrorCodeSQLExceptionTranslator.doTranslate(SQLErrorCodeSQLExceptionTranslator.java:247)
	at org.springframework.jdbc.support.AbstractFallbackSQLExceptionTranslator.translate(AbstractFallbackSQLExceptionTranslator.java:70)
	at org.springframework.jdbc.core.JdbcTemplate.translateException(JdbcTemplate.java:1541)
	at org.springframework.jdbc.core.JdbcTemplate.execute(JdbcTemplate.java:667)
	at org.springframework.jdbc.core.JdbcTemplate.execute(JdbcTemplate.java:691)
	at org.springframework.jdbc.core.JdbcTemplate.batchUpdate(JdbcTemplate.java:1034)
	at org.springframework.jdbc.core.namedparam.NamedParameterJdbcTemplate.batchUpdate(NamedParameterJdbcTemplate.java:373)
	at org.springframework.batch.item.database.JdbcBatchItemWriter.write(JdbcBatchItemWriter.java:182)
	at org.springframework.batch.core.step.item.SimpleChunkProcessor.writeItems(SimpleChunkProcessor.java:193)
	at org.springframework.batch.core.step.item.SimpleChunkProcessor.doWrite(SimpleChunkProcessor.java:159)
	at org.springframework.batch.core.step.item.SimpleChunkProcessor.write(SimpleChunkProcessor.java:294)
	at org.springframework.batch.core.step.item.SimpleChunkProcessor.process(SimpleChunkProcessor.java:217)
	at org.springframework.batch.core.step.item.ChunkOrientedTasklet.execute(ChunkOrientedTasklet.java:77)
	at org.springframework.batch.core.step.tasklet.TaskletStep$ChunkTransactionCallback.doInTransaction(TaskletStep.java:407)
	at org.springframework.batch.core.step.tasklet.TaskletStep$ChunkTransactionCallback.doInTransaction(TaskletStep.java:331)
	at org.springframework.transaction.support.TransactionTemplate.execute(TransactionTemplate.java:140)
	at org.springframework.batch.core.step.tasklet.TaskletStep$2.doInChunkContext(TaskletStep.java:273)
	at org.springframework.batch.core.scope.context.StepContextRepeatCallback.doInIteration(StepContextRepeatCallback.java:82)
	at org.springframework.batch.repeat.support.RepeatTemplate.getNextResult(RepeatTemplate.java:375)
	at org.springframework.batch.repeat.support.RepeatTemplate.executeInternal(RepeatTemplate.java:215)
	at org.springframework.batch.repeat.support.RepeatTemplate.iterate(RepeatTemplate.java:145)
	at org.springframework.batch.core.step.tasklet.TaskletStep.doExecute(TaskletStep.java:258)
	at org.springframework.batch.core.step.AbstractStep.execute(AbstractStep.java:208)
	at org.springframework.batch.core.job.SimpleStepHandler.handleStep(SimpleStepHandler.java:152)
	at org.springframework.batch.core.job.flow.JobFlowExecutor.executeStep(JobFlowExecutor.java:68)
	at org.springframework.batch.core.job.flow.support.state.StepState.handle(StepState.java:68)
	at org.springframework.batch.core.job.flow.support.SimpleFlow.resume(SimpleFlow.java:169)
	at org.springframework.batch.core.job.flow.support.SimpleFlow.start(SimpleFlow.java:144)
	at org.springframework.batch.core.job.flow.FlowJob.doExecute(FlowJob.java:137)
	at org.springframework.batch.core.job.AbstractJob.execute(AbstractJob.java:320)
	at org.springframework.batch.core.launch.support.SimpleJobLauncher$1.run(SimpleJobLauncher.java:149)
	at java.util.concurrent.ThreadPoolExecutor.runWorker(ThreadPoolExecutor.java:1149)
	at java.util.concurrent.ThreadPoolExecutor$Worker.run(ThreadPoolExecutor.java:624)
	at java.lang.Thread.run(Thread.java:750)
Caused by: java.sql.BatchUpdateException: Duplicate entry 'TEAM_05-SKILL_3' for key 'team_skill.PRIMARY'
	at sun.reflect.NativeConstructorAccessorImpl.newInstance0(Native Method)
	at sun.reflect.NativeConstructorAccessorImpl.newInstance(NativeConstructorAccessorImpl.java:62)
	at sun.reflect.DelegatingConstructorAccessorImpl.newInstance(DelegatingConstructorAccessorImpl.java:45)
	at java.lang.reflect.Constructor.newInstance(Constructor.java:423)
	at com.mysql.cj.util.Util.handleNewInstance(Util.java:192)
	at com.mysql.cj.util.Util.getInstance(Util.java:167)
	at com.mysql.cj.util.Util.getInstance(Util.java:174)
	at com.mysql.cj.jdbc.exceptions.SQLError.createBatchUpdateException(SQLError.java:224)
	at com.mysql.cj.jdbc.ClientPreparedStatement.executeBatchSerially(ClientPreparedStatement.java:853)
	at com.mysql.cj.jdbc.ClientPreparedStatement.executeBatchInternal(ClientPreparedStatement.java:435)
	at com.mysql.cj.jdbc.StatementImpl.executeBatch(StatementImpl.java:795)
	at com.zaxxer.hikari.pool.ProxyStatement.executeBatch(ProxyStatement.java:127)
	at com.zaxxer.hikari.pool.HikariProxyPreparedStatement.executeBatch(HikariProxyPreparedStatement.java)
	at org.springframework.jdbc.core.JdbcTemplate.lambda$batchUpdate$4(JdbcTemplate.java:1048)
	at org.springframework.jdbc.core.JdbcTemplate.execute(JdbcTemplate.java:651)
	... 30 common frames omitted
Caused by: java.sql.SQLIntegrityConstraintViolationException: Duplicate entry 'TEAM_05-SKILL_3' for key 'team_skill.PRIMARY'
	at com.mysql.cj.jdbc.exceptions.SQLError.createSQLException(SQLError.java:117)
	at com.mysql.cj.jdbc.exceptions.SQLExceptionsMapping.translateException(SQLExceptionsMapping.java:122)
	at com.mysql.cj.jdbc.ClientPreparedStatement.executeInternal(ClientPreparedStatement.java:953)
	at com.mysql.cj.jdbc.ClientPreparedStatement.executeUpdateInternal(ClientPreparedStatement.java:1098)
	at com.mysql.cj.jdbc.ClientPreparedStatement.executeBatchSerially(ClientPreparedStatement.java:832)
	... 36 common frames omitted
2022-02-18 00:03:32,957 INFO org.springframework.batch.core.step.AbstractStep [taskExecutor-3] Step: [importTeamSkillStep] executed in 139ms
2022-02-18 00:03:32,957 INFO org.springframework.batch.core.step.AbstractStep [taskExecutor-1] Step: [importTaskStep] executed in 187ms
2022-02-18 00:03:32,960 INFO org.springframework.batch.core.step.AbstractStep [taskExecutor-2] Step: [importTeamStep] executed in 188ms
2022-02-18 00:03:32,987 INFO org.springframework.batch.core.launch.support.SimpleJobLauncher$1 [taskExecutor-2] Job: [FlowJob: [name=importTeamJob]] completed with the following parameters: [{file_path=/tmp/dropfolder/team.csv, timestamp=1645117412691}] and the following status: [FAILED] in 248ms
2022-02-18 00:03:32,989 INFO org.springframework.batch.core.launch.support.SimpleJobLauncher$1 [taskExecutor-3] Job: [FlowJob: [name=importTeamSkillJob]] completed with the following parameters: [{file_path=/tmp/dropfolder/team_skill.csv, timestamp=1645117412729}] and the following status: [FAILED] in 201ms
2022-02-18 00:03:32,991 INFO org.springframework.batch.core.launch.support.SimpleJobLauncher$1 [taskExecutor-1] Job: [FlowJob: [name=importTaskJob]] completed with the following parameters: [{file_path=/tmp/dropfolder/task.csv, timestamp=1645117412597}] and the following status: [FAILED] in 262ms
2022-02-18 00:04:21,990 INFO org.springframework.core.log.LogAccessor [SpringApplicationShutdownHook] stopped bean 'sampleFlow.org.springframework.integration.config.SourcePollingChannelAdapterFactoryBean#0'; defined in: 'class path resource [com/example/batchprocessing/IntegrationConfiguration.class]'; from source: 'bean method sampleFlow'
2022-02-18 00:04:21,990 INFO org.springframework.core.log.LogAccessor [SpringApplicationShutdownHook] Removing {transformer} as a subscriber to the 'sampleFlow.channel#0' channel
2022-02-18 00:04:21,990 INFO org.springframework.core.log.LogAccessor [SpringApplicationShutdownHook] Channel 'application.sampleFlow.channel#0' has 0 subscriber(s).
2022-02-18 00:04:21,991 INFO org.springframework.core.log.LogAccessor [SpringApplicationShutdownHook] stopped bean 'sampleFlow.org.springframework.integration.config.ConsumerEndpointFactoryBean#0'; defined in: 'class path resource [com/example/batchprocessing/IntegrationConfiguration.class]'; from source: 'bean method sampleFlow'
2022-02-18 00:04:21,991 INFO org.springframework.core.log.LogAccessor [SpringApplicationShutdownHook] Removing {filter} as a subscriber to the 'sampleFlow.channel#1' channel
2022-02-18 00:04:21,991 INFO org.springframework.core.log.LogAccessor [SpringApplicationShutdownHook] Channel 'application.sampleFlow.channel#1' has 0 subscriber(s).
2022-02-18 00:04:21,991 INFO org.springframework.core.log.LogAccessor [SpringApplicationShutdownHook] stopped bean 'sampleFlow.org.springframework.integration.config.ConsumerEndpointFactoryBean#1'; defined in: 'class path resource [com/example/batchprocessing/IntegrationConfiguration.class]'; from source: 'bean method sampleFlow'
2022-02-18 00:04:21,991 INFO org.springframework.core.log.LogAccessor [SpringApplicationShutdownHook] Removing {message-handler} as a subscriber to the 'sampleFlow.channel#2' channel
2022-02-18 00:04:21,991 INFO org.springframework.core.log.LogAccessor [SpringApplicationShutdownHook] Channel 'application.sampleFlow.channel#2' has 0 subscriber(s).
2022-02-18 00:04:21,991 INFO org.springframework.core.log.LogAccessor [SpringApplicationShutdownHook] stopped bean 'sampleFlow.org.springframework.integration.config.ConsumerEndpointFactoryBean#2'; defined in: 'class path resource [com/example/batchprocessing/IntegrationConfiguration.class]'; from source: 'bean method sampleFlow'
2022-02-18 00:04:21,992 INFO org.springframework.core.log.LogAccessor [SpringApplicationShutdownHook] Removing {bridge} as a subscriber to the 'sampleFlow.channel#4' channel
2022-02-18 00:04:21,992 INFO org.springframework.core.log.LogAccessor [SpringApplicationShutdownHook] Channel 'application.sampleFlow.channel#4' has 0 subscriber(s).
2022-02-18 00:04:21,992 INFO org.springframework.core.log.LogAccessor [SpringApplicationShutdownHook] stopped bean 'sampleFlow.org.springframework.integration.config.ConsumerEndpointFactoryBean#3'; defined in: 'class path resource [com/example/batchprocessing/IntegrationConfiguration.class]'; from source: 'bean method sampleFlow'
2022-02-18 00:04:21,993 INFO org.springframework.core.log.LogAccessor [SpringApplicationShutdownHook] Removing {logging-channel-adapter:_org.springframework.integration.errorLogger} as a subscriber to the 'errorChannel' channel
2022-02-18 00:04:21,993 INFO org.springframework.core.log.LogAccessor [SpringApplicationShutdownHook] Channel 'application.errorChannel' has 0 subscriber(s).
2022-02-18 00:04:21,993 INFO org.springframework.core.log.LogAccessor [SpringApplicationShutdownHook] stopped bean '_org.springframework.integration.errorLogger'
2022-02-18 00:04:21,999 INFO com.zaxxer.hikari.HikariDataSource [SpringApplicationShutdownHook] HikariPool-1 - Shutdown initiated...
2022-02-18 00:04:22,007 INFO com.zaxxer.hikari.HikariDataSource [SpringApplicationShutdownHook] HikariPool-1 - Shutdown completed.
2022-02-18 00:23:57,069 INFO org.springframework.boot.StartupInfoLogger [main] Starting BatchProcessingApplicationTests using Java 1.8.0_322 on minhdh-ThinkPad-X250 with PID 139333 (started by minhdh in /home/minhdh/Downloads/batch-processing)
2022-02-18 00:23:57,073 INFO org.springframework.boot.SpringApplication [main] No active profile set, falling back to default profiles: default
2022-02-18 00:23:58,053 INFO org.springframework.core.log.LogAccessor [main] No bean named 'errorChannel' has been explicitly defined. Therefore, a default PublishSubscribeChannel will be created.
2022-02-18 00:23:58,078 INFO org.springframework.core.log.LogAccessor [main] No bean named 'integrationHeaderChannelRegistry' has been explicitly defined. Therefore, a default DefaultHeaderChannelRegistry will be created.
2022-02-18 00:23:58,787 INFO org.springframework.context.support.PostProcessorRegistrationDelegate$BeanPostProcessorChecker [main] Bean 'org.springframework.integration.config.IntegrationManagementConfiguration' of type [org.springframework.integration.config.IntegrationManagementConfiguration] is not eligible for getting processed by all BeanPostProcessors (for example: not eligible for auto-proxying)
2022-02-18 00:23:58,825 INFO org.springframework.context.support.PostProcessorRegistrationDelegate$BeanPostProcessorChecker [main] Bean 'integrationChannelResolver' of type [org.springframework.integration.support.channel.BeanFactoryChannelResolver] is not eligible for getting processed by all BeanPostProcessors (for example: not eligible for auto-proxying)
2022-02-18 00:23:59,075 INFO com.zaxxer.hikari.HikariDataSource [main] HikariPool-1 - Starting...
2022-02-18 00:23:59,086 WARN com.zaxxer.hikari.util.DriverDataSource [main] Registered driver with driverClassName=com.mysql.jdbc.Driver was not found, trying direct instantiation.
2022-02-18 00:23:59,668 INFO com.zaxxer.hikari.HikariDataSource [main] HikariPool-1 - Start completed.
2022-02-18 00:24:01,238 INFO org.springframework.batch.core.repository.support.JobRepositoryFactoryBean [main] No database type set, using meta data indicating: MYSQL
2022-02-18 00:24:01,285 INFO org.springframework.batch.core.launch.support.SimpleJobLauncher [main] No TaskExecutor has been set, defaulting to synchronous executor.
2022-02-18 00:24:01,765 INFO org.springframework.core.log.LogAccessor [main] Adding {logging-channel-adapter:_org.springframework.integration.errorLogger} as a subscriber to the 'errorChannel' channel
2022-02-18 00:24:01,766 INFO org.springframework.core.log.LogAccessor [main] Channel 'application.errorChannel' has 1 subscriber(s).
2022-02-18 00:24:01,768 INFO org.springframework.core.log.LogAccessor [main] started bean '_org.springframework.integration.errorLogger'
2022-02-18 00:24:01,781 INFO org.springframework.core.log.LogAccessor [main] Adding {transformer} as a subscriber to the 'sampleFlow.channel#0' channel
2022-02-18 00:24:01,785 INFO org.springframework.core.log.LogAccessor [main] Channel 'application.sampleFlow.channel#0' has 1 subscriber(s).
2022-02-18 00:24:01,786 INFO org.springframework.core.log.LogAccessor [main] started bean 'sampleFlow.org.springframework.integration.config.ConsumerEndpointFactoryBean#0'; defined in: 'class path resource [com/example/batchprocessing/IntegrationConfiguration.class]'; from source: 'bean method sampleFlow'
2022-02-18 00:24:01,787 INFO org.springframework.core.log.LogAccessor [main] Adding {filter} as a subscriber to the 'sampleFlow.channel#1' channel
2022-02-18 00:24:01,788 INFO org.springframework.core.log.LogAccessor [main] Channel 'application.sampleFlow.channel#1' has 1 subscriber(s).
2022-02-18 00:24:01,788 INFO org.springframework.core.log.LogAccessor [main] started bean 'sampleFlow.org.springframework.integration.config.ConsumerEndpointFactoryBean#1'; defined in: 'class path resource [com/example/batchprocessing/IntegrationConfiguration.class]'; from source: 'bean method sampleFlow'
2022-02-18 00:24:01,789 INFO org.springframework.core.log.LogAccessor [main] Adding {message-handler} as a subscriber to the 'sampleFlow.channel#2' channel
2022-02-18 00:24:01,790 INFO org.springframework.core.log.LogAccessor [main] Channel 'application.sampleFlow.channel#2' has 1 subscriber(s).
2022-02-18 00:24:01,791 INFO org.springframework.core.log.LogAccessor [main] started bean 'sampleFlow.org.springframework.integration.config.ConsumerEndpointFactoryBean#2'; defined in: 'class path resource [com/example/batchprocessing/IntegrationConfiguration.class]'; from source: 'bean method sampleFlow'
2022-02-18 00:24:01,791 INFO org.springframework.core.log.LogAccessor [main] Adding {bridge} as a subscriber to the 'sampleFlow.channel#4' channel
2022-02-18 00:24:01,792 INFO org.springframework.core.log.LogAccessor [main] Channel 'application.sampleFlow.channel#4' has 1 subscriber(s).
2022-02-18 00:24:01,792 INFO org.springframework.core.log.LogAccessor [main] started bean 'sampleFlow.org.springframework.integration.config.ConsumerEndpointFactoryBean#3'; defined in: 'class path resource [com/example/batchprocessing/IntegrationConfiguration.class]'; from source: 'bean method sampleFlow'
2022-02-18 00:24:01,816 INFO org.springframework.core.log.LogAccessor [main] started bean 'sampleFlow.org.springframework.integration.config.SourcePollingChannelAdapterFactoryBean#0'; defined in: 'class path resource [com/example/batchprocessing/IntegrationConfiguration.class]'; from source: 'bean method sampleFlow'
2022-02-18 00:24:01,850 INFO org.springframework.boot.StartupInfoLogger [main] Started BatchProcessingApplicationTests in 5.275 seconds (JVM running for 6.848)
2022-02-18 00:24:02,099 INFO org.springframework.core.log.LogAccessor [scheduling-1] GenericMessage [payload=JobExecution: id=28, version=0, startTime=null, endTime=null, lastUpdated=Fri Feb 18 00:24:02 ICT 2022, status=STARTING, exitStatus=exitCode=UNKNOWN;exitDescription=, job=[JobInstance: id=28, version=0, Job=[importTaskJob]], jobParameters=[{file_path=/tmp/dropfolder/task.csv, timestamp=1645118641835}], headers={file_originalFile=/tmp/dropfolder/task.csv, id=e48c9cf5-46fd-ad98-cbdf-43974b76464e, file_name=task.csv, file_relativePath=task.csv, timestamp=1645118642097}]
2022-02-18 00:24:02,115 INFO org.springframework.batch.core.launch.support.SimpleJobLauncher$1 [taskExecutor-1] Job: [FlowJob: [name=importTaskJob]] launched with the following parameters: [{file_path=/tmp/dropfolder/task.csv, timestamp=1645118641835}]
2022-02-18 00:24:02,177 INFO org.springframework.core.log.LogAccessor [scheduling-1] GenericMessage [payload=JobExecution: id=29, version=0, startTime=null, endTime=null, lastUpdated=Fri Feb 18 00:24:02 ICT 2022, status=STARTING, exitStatus=exitCode=UNKNOWN;exitDescription=, job=[JobInstance: id=29, version=0, Job=[importTeamJob]], jobParameters=[{file_path=/tmp/dropfolder/team.csv, timestamp=1645118642102}], headers={file_originalFile=/tmp/dropfolder/team.csv, id=9e27a59b-846a-9037-68e6-c02fd888e704, file_name=team.csv, file_relativePath=team.csv, timestamp=1645118642177}]
2022-02-18 00:24:02,177 INFO org.springframework.batch.core.launch.support.SimpleJobLauncher$1 [taskExecutor-2] Job: [FlowJob: [name=importTeamJob]] launched with the following parameters: [{file_path=/tmp/dropfolder/team.csv, timestamp=1645118642102}]
2022-02-18 00:24:02,293 INFO org.springframework.batch.core.launch.support.SimpleJobLauncher$1 [taskExecutor-3] Job: [FlowJob: [name=importTeamSkillJob]] launched with the following parameters: [{file_path=/tmp/dropfolder/team_skill.csv, timestamp=1645118642179}]
2022-02-18 00:24:02,293 INFO org.springframework.core.log.LogAccessor [scheduling-1] GenericMessage [payload=JobExecution: id=30, version=0, startTime=null, endTime=null, lastUpdated=Fri Feb 18 00:24:02 ICT 2022, status=STARTING, exitStatus=exitCode=UNKNOWN;exitDescription=, job=[JobInstance: id=30, version=0, Job=[importTeamSkillJob]], jobParameters=[{file_path=/tmp/dropfolder/team_skill.csv, timestamp=1645118642179}], headers={file_originalFile=/tmp/dropfolder/team_skill.csv, id=d07a4b8d-6d16-1892-3d91-5bf3c5cf0187, file_name=team_skill.csv, file_relativePath=team_skill.csv, timestamp=1645118642292}]
2022-02-18 00:24:02,341 INFO org.springframework.batch.core.job.SimpleStepHandler [taskExecutor-1] Executing step: [importTaskStep]
2022-02-18 00:24:02,341 INFO org.springframework.batch.core.job.SimpleStepHandler [taskExecutor-2] Executing step: [importTeamStep]
2022-02-18 00:24:02,404 INFO org.springframework.batch.core.job.SimpleStepHandler [taskExecutor-3] Executing step: [importTeamSkillStep]
2022-02-18 00:24:02,640 INFO org.springframework.core.log.LogAccessor [SpringApplicationShutdownHook] stopped bean 'sampleFlow.org.springframework.integration.config.SourcePollingChannelAdapterFactoryBean#0'; defined in: 'class path resource [com/example/batchprocessing/IntegrationConfiguration.class]'; from source: 'bean method sampleFlow'
2022-02-18 00:24:02,647 INFO org.springframework.core.log.LogAccessor [SpringApplicationShutdownHook] Removing {transformer} as a subscriber to the 'sampleFlow.channel#0' channel
2022-02-18 00:24:02,659 INFO org.springframework.core.log.LogAccessor [SpringApplicationShutdownHook] Channel 'application.sampleFlow.channel#0' has 0 subscriber(s).
2022-02-18 00:24:02,660 INFO org.springframework.core.log.LogAccessor [SpringApplicationShutdownHook] stopped bean 'sampleFlow.org.springframework.integration.config.ConsumerEndpointFactoryBean#0'; defined in: 'class path resource [com/example/batchprocessing/IntegrationConfiguration.class]'; from source: 'bean method sampleFlow'
2022-02-18 00:24:02,661 INFO org.springframework.core.log.LogAccessor [SpringApplicationShutdownHook] Removing {filter} as a subscriber to the 'sampleFlow.channel#1' channel
2022-02-18 00:24:02,662 INFO org.springframework.core.log.LogAccessor [SpringApplicationShutdownHook] Channel 'application.sampleFlow.channel#1' has 0 subscriber(s).
2022-02-18 00:24:02,663 INFO org.springframework.core.log.LogAccessor [SpringApplicationShutdownHook] stopped bean 'sampleFlow.org.springframework.integration.config.ConsumerEndpointFactoryBean#1'; defined in: 'class path resource [com/example/batchprocessing/IntegrationConfiguration.class]'; from source: 'bean method sampleFlow'
2022-02-18 00:24:02,675 INFO org.springframework.core.log.LogAccessor [SpringApplicationShutdownHook] Removing {message-handler} as a subscriber to the 'sampleFlow.channel#2' channel
2022-02-18 00:24:02,678 INFO org.springframework.core.log.LogAccessor [SpringApplicationShutdownHook] Channel 'application.sampleFlow.channel#2' has 0 subscriber(s).
2022-02-18 00:24:02,683 INFO org.springframework.core.log.LogAccessor [SpringApplicationShutdownHook] stopped bean 'sampleFlow.org.springframework.integration.config.ConsumerEndpointFactoryBean#2'; defined in: 'class path resource [com/example/batchprocessing/IntegrationConfiguration.class]'; from source: 'bean method sampleFlow'
2022-02-18 00:24:02,691 INFO org.springframework.core.log.LogAccessor [SpringApplicationShutdownHook] Removing {bridge} as a subscriber to the 'sampleFlow.channel#4' channel
2022-02-18 00:24:02,696 INFO org.springframework.core.log.LogAccessor [SpringApplicationShutdownHook] Channel 'application.sampleFlow.channel#4' has 0 subscriber(s).
2022-02-18 00:24:02,697 INFO org.springframework.core.log.LogAccessor [SpringApplicationShutdownHook] stopped bean 'sampleFlow.org.springframework.integration.config.ConsumerEndpointFactoryBean#3'; defined in: 'class path resource [com/example/batchprocessing/IntegrationConfiguration.class]'; from source: 'bean method sampleFlow'
2022-02-18 00:24:02,715 INFO org.springframework.core.log.LogAccessor [SpringApplicationShutdownHook] Removing {logging-channel-adapter:_org.springframework.integration.errorLogger} as a subscriber to the 'errorChannel' channel
2022-02-18 00:24:02,720 INFO org.springframework.core.log.LogAccessor [SpringApplicationShutdownHook] Channel 'application.errorChannel' has 0 subscriber(s).
2022-02-18 00:24:02,721 INFO org.springframework.core.log.LogAccessor [SpringApplicationShutdownHook] stopped bean '_org.springframework.integration.errorLogger'
2022-02-18 00:24:02,752 INFO com.zaxxer.hikari.HikariDataSource [SpringApplicationShutdownHook] HikariPool-1 - Shutdown initiated...
2022-02-18 00:24:02,828 INFO com.zaxxer.hikari.HikariDataSource [SpringApplicationShutdownHook] HikariPool-1 - Shutdown completed.
