2022-02-17 21:08:19,735 INFO org.springframework.boot.StartupInfoLogger [main] Starting BatchProcessingApplication v0.0.1-SNAPSHOT using Java 1.8.0_212 on 4b3b79b4fce3 with PID 1 (/app/app.jar started by root in /app)
2022-02-17 21:08:19,746 INFO org.springframework.boot.SpringApplication [main] No active profile set, falling back to default profiles: default
2022-02-17 21:08:23,602 INFO org.springframework.core.log.LogAccessor [main] No bean named 'errorChannel' has been explicitly defined. Therefore, a default PublishSubscribeChannel will be created.
2022-02-17 21:08:23,680 INFO org.springframework.core.log.LogAccessor [main] No bean named 'integrationHeaderChannelRegistry' has been explicitly defined. Therefore, a default DefaultHeaderChannelRegistry will be created.
2022-02-17 21:08:25,911 INFO org.springframework.context.support.PostProcessorRegistrationDelegate$BeanPostProcessorChecker [main] Bean 'org.springframework.integration.config.IntegrationManagementConfiguration' of type [org.springframework.integration.config.IntegrationManagementConfiguration] is not eligible for getting processed by all BeanPostProcessors (for example: not eligible for auto-proxying)
2022-02-17 21:08:26,002 INFO org.springframework.context.support.PostProcessorRegistrationDelegate$BeanPostProcessorChecker [main] Bean 'integrationChannelResolver' of type [org.springframework.integration.support.channel.BeanFactoryChannelResolver] is not eligible for getting processed by all BeanPostProcessors (for example: not eligible for auto-proxying)
2022-02-17 21:08:27,906 INFO com.zaxxer.hikari.HikariDataSource [main] HikariPool-1 - Starting...
2022-02-17 21:08:27,922 WARN com.zaxxer.hikari.util.DriverDataSource [main] Registered driver with driverClassName=com.mysql.jdbc.Driver was not found, trying direct instantiation.
2022-02-17 21:08:29,480 ERROR com.zaxxer.hikari.pool.HikariPool [main] HikariPool-1 - Exception during pool initialization.
com.mysql.cj.jdbc.exceptions.CommunicationsException: Communications link failure

The last packet sent successfully to the server was 0 milliseconds ago. The driver has not received any packets from the server.
	at com.mysql.cj.jdbc.exceptions.SQLError.createCommunicationsException(SQLError.java:174)
	at com.mysql.cj.jdbc.exceptions.SQLExceptionsMapping.translateException(SQLExceptionsMapping.java:64)
	at com.mysql.cj.jdbc.ConnectionImpl.createNewIO(ConnectionImpl.java:829)
	at com.mysql.cj.jdbc.ConnectionImpl.<init>(ConnectionImpl.java:449)
	at com.mysql.cj.jdbc.ConnectionImpl.getInstance(ConnectionImpl.java:242)
	at com.mysql.cj.jdbc.NonRegisteringDriver.connect(NonRegisteringDriver.java:198)
	at com.zaxxer.hikari.util.DriverDataSource.getConnection(DriverDataSource.java:138)
	at com.zaxxer.hikari.pool.PoolBase.newConnection(PoolBase.java:364)
	at com.zaxxer.hikari.pool.PoolBase.newPoolEntry(PoolBase.java:206)
	at com.zaxxer.hikari.pool.HikariPool.createPoolEntry(HikariPool.java:476)
	at com.zaxxer.hikari.pool.HikariPool.checkFailFast(HikariPool.java:561)
	at com.zaxxer.hikari.pool.HikariPool.<init>(HikariPool.java:115)
	at com.zaxxer.hikari.HikariDataSource.getConnection(HikariDataSource.java:112)
	at org.springframework.jdbc.datasource.DataSourceUtils.fetchConnection(DataSourceUtils.java:159)
	at org.springframework.jdbc.datasource.DataSourceUtils.doGetConnection(DataSourceUtils.java:117)
	at org.springframework.jdbc.datasource.DataSourceUtils.getConnection(DataSourceUtils.java:80)
	at org.springframework.jdbc.datasource.init.DatabasePopulatorUtils.execute(DatabasePopulatorUtils.java:52)
	at org.springframework.boot.jdbc.init.DataSourceScriptDatabaseInitializer.runScripts(DataSourceScriptDatabaseInitializer.java:90)
	at org.springframework.boot.sql.init.AbstractScriptDatabaseInitializer.runScripts(AbstractScriptDatabaseInitializer.java:145)
	at org.springframework.boot.sql.init.AbstractScriptDatabaseInitializer.applyScripts(AbstractScriptDatabaseInitializer.java:107)
	at org.springframework.boot.sql.init.AbstractScriptDatabaseInitializer.applySchemaScripts(AbstractScriptDatabaseInitializer.java:97)
	at org.springframework.boot.sql.init.AbstractScriptDatabaseInitializer.initializeDatabase(AbstractScriptDatabaseInitializer.java:75)
	at org.springframework.boot.sql.init.AbstractScriptDatabaseInitializer.afterPropertiesSet(AbstractScriptDatabaseInitializer.java:65)
	at org.springframework.beans.factory.support.AbstractAutowireCapableBeanFactory.invokeInitMethods(AbstractAutowireCapableBeanFactory.java:1863)
	at org.springframework.beans.factory.support.AbstractAutowireCapableBeanFactory.initializeBean(AbstractAutowireCapableBeanFactory.java:1800)
	at org.springframework.beans.factory.support.AbstractAutowireCapableBeanFactory.doCreateBean(AbstractAutowireCapableBeanFactory.java:620)
	at org.springframework.beans.factory.support.AbstractAutowireCapableBeanFactory.createBean(AbstractAutowireCapableBeanFactory.java:542)
	at org.springframework.beans.factory.support.AbstractBeanFactory.lambda$doGetBean$0(AbstractBeanFactory.java:335)
	at org.springframework.beans.factory.support.DefaultSingletonBeanRegistry.getSingleton(DefaultSingletonBeanRegistry.java:234)
	at org.springframework.beans.factory.support.AbstractBeanFactory.doGetBean(AbstractBeanFactory.java:333)
	at org.springframework.beans.factory.support.AbstractBeanFactory.getBean(AbstractBeanFactory.java:208)
	at org.springframework.beans.factory.support.AbstractBeanFactory.doGetBean(AbstractBeanFactory.java:322)
	at org.springframework.beans.factory.support.AbstractBeanFactory.getBean(AbstractBeanFactory.java:208)
	at org.springframework.beans.factory.config.DependencyDescriptor.resolveCandidate(DependencyDescriptor.java:276)
	at org.springframework.beans.factory.support.DefaultListableBeanFactory.doResolveDependency(DefaultListableBeanFactory.java:1389)
	at org.springframework.beans.factory.support.DefaultListableBeanFactory.resolveDependency(DefaultListableBeanFactory.java:1309)
	at org.springframework.beans.factory.annotation.AutowiredAnnotationBeanPostProcessor$AutowiredFieldElement.resolveFieldValue(AutowiredAnnotationBeanPostProcessor.java:656)
	at org.springframework.beans.factory.annotation.AutowiredAnnotationBeanPostProcessor$AutowiredFieldElement.inject(AutowiredAnnotationBeanPostProcessor.java:639)
	at org.springframework.beans.factory.annotation.InjectionMetadata.inject(InjectionMetadata.java:119)
	at org.springframework.beans.factory.annotation.AutowiredAnnotationBeanPostProcessor.postProcessProperties(AutowiredAnnotationBeanPostProcessor.java:399)
	at org.springframework.beans.factory.support.AbstractAutowireCapableBeanFactory.populateBean(AbstractAutowireCapableBeanFactory.java:1431)
	at org.springframework.beans.factory.support.AbstractAutowireCapableBeanFactory.doCreateBean(AbstractAutowireCapableBeanFactory.java:619)
	at org.springframework.beans.factory.support.AbstractAutowireCapableBeanFactory.createBean(AbstractAutowireCapableBeanFactory.java:542)
	at org.springframework.beans.factory.support.AbstractBeanFactory.lambda$doGetBean$0(AbstractBeanFactory.java:335)
	at org.springframework.beans.factory.support.DefaultSingletonBeanRegistry.getSingleton(DefaultSingletonBeanRegistry.java:234)
	at org.springframework.beans.factory.support.AbstractBeanFactory.doGetBean(AbstractBeanFactory.java:333)
	at org.springframework.beans.factory.support.AbstractBeanFactory.getBean(AbstractBeanFactory.java:208)
	at org.springframework.beans.factory.support.DefaultListableBeanFactory.preInstantiateSingletons(DefaultListableBeanFactory.java:953)
	at org.springframework.context.support.AbstractApplicationContext.finishBeanFactoryInitialization(AbstractApplicationContext.java:918)
	at org.springframework.context.support.AbstractApplicationContext.refresh(AbstractApplicationContext.java:583)
	at org.springframework.boot.SpringApplication.refresh(SpringApplication.java:732)
	at org.springframework.boot.SpringApplication.refreshContext(SpringApplication.java:414)
	at org.springframework.boot.SpringApplication.run(SpringApplication.java:302)
	at org.springframework.boot.builder.SpringApplicationBuilder.run(SpringApplicationBuilder.java:164)
	at com.example.batchprocessing.BatchProcessingApplication.main(BatchProcessingApplication.java:17)
	at sun.reflect.NativeMethodAccessorImpl.invoke0(Native Method)
	at sun.reflect.NativeMethodAccessorImpl.invoke(NativeMethodAccessorImpl.java:62)
	at sun.reflect.DelegatingMethodAccessorImpl.invoke(DelegatingMethodAccessorImpl.java:43)
	at java.lang.reflect.Method.invoke(Method.java:498)
	at org.springframework.boot.loader.MainMethodRunner.run(MainMethodRunner.java:49)
	at org.springframework.boot.loader.Launcher.launch(Launcher.java:108)
	at org.springframework.boot.loader.Launcher.launch(Launcher.java:58)
	at org.springframework.boot.loader.JarLauncher.main(JarLauncher.java:88)
Caused by: com.mysql.cj.exceptions.CJCommunicationsException: Communications link failure

The last packet sent successfully to the server was 0 milliseconds ago. The driver has not received any packets from the server.
	at sun.reflect.NativeConstructorAccessorImpl.newInstance0(Native Method)
	at sun.reflect.NativeConstructorAccessorImpl.newInstance(NativeConstructorAccessorImpl.java:62)
	at sun.reflect.DelegatingConstructorAccessorImpl.newInstance(DelegatingConstructorAccessorImpl.java:45)
	at java.lang.reflect.Constructor.newInstance(Constructor.java:423)
	at com.mysql.cj.exceptions.ExceptionFactory.createException(ExceptionFactory.java:61)
	at com.mysql.cj.exceptions.ExceptionFactory.createException(ExceptionFactory.java:105)
	at com.mysql.cj.exceptions.ExceptionFactory.createException(ExceptionFactory.java:151)
	at com.mysql.cj.exceptions.ExceptionFactory.createCommunicationsException(ExceptionFactory.java:167)
	at com.mysql.cj.protocol.a.NativeSocketConnection.connect(NativeSocketConnection.java:89)
	at com.mysql.cj.NativeSession.connect(NativeSession.java:120)
	at com.mysql.cj.jdbc.ConnectionImpl.connectOneTryOnly(ConnectionImpl.java:949)
	at com.mysql.cj.jdbc.ConnectionImpl.createNewIO(ConnectionImpl.java:819)
	... 60 common frames omitted
Caused by: java.net.ConnectException: Connection refused (Connection refused)
	at java.net.PlainSocketImpl.socketConnect(Native Method)
	at java.net.AbstractPlainSocketImpl.doConnect(AbstractPlainSocketImpl.java:350)
	at java.net.AbstractPlainSocketImpl.connectToAddress(AbstractPlainSocketImpl.java:206)
	at java.net.AbstractPlainSocketImpl.connect(AbstractPlainSocketImpl.java:188)
	at java.net.SocksSocketImpl.connect(SocksSocketImpl.java:392)
	at java.net.Socket.connect(Socket.java:589)
	at com.mysql.cj.protocol.StandardSocketFactory.connect(StandardSocketFactory.java:156)
	at com.mysql.cj.protocol.a.NativeSocketConnection.connect(NativeSocketConnection.java:63)
	... 63 common frames omitted
2022-02-17 21:08:29,494 WARN org.springframework.context.support.AbstractApplicationContext [main] Exception encountered during context initialization - cancelling refresh attempt: org.springframework.beans.factory.UnsatisfiedDependencyException: Error creating bean with name 'integrationConfiguration': Unsatisfied dependency expressed through field 'jobRepository'; nested exception is org.springframework.beans.factory.BeanCreationException: Error creating bean with name 'dataSourceScriptDatabaseInitializer' defined in class path resource [org/springframework/boot/autoconfigure/sql/init/DataSourceInitializationConfiguration.class]: Invocation of init method failed; nested exception is org.springframework.jdbc.datasource.init.UncategorizedScriptException: Failed to execute database script; nested exception is org.springframework.jdbc.CannotGetJdbcConnectionException: Failed to obtain JDBC Connection; nested exception is com.mysql.cj.jdbc.exceptions.CommunicationsException: Communications link failure

The last packet sent successfully to the server was 0 milliseconds ago. The driver has not received any packets from the server.
2022-02-17 21:08:29,563 INFO org.springframework.boot.autoconfigure.logging.ConditionEvaluationReportLoggingListener [main] 

Error starting ApplicationContext. To display the conditions report re-run your application with 'debug' enabled.
2022-02-17 21:08:29,634 ERROR org.springframework.boot.SpringApplication [main] Application run failed
org.springframework.beans.factory.UnsatisfiedDependencyException: Error creating bean with name 'integrationConfiguration': Unsatisfied dependency expressed through field 'jobRepository'; nested exception is org.springframework.beans.factory.BeanCreationException: Error creating bean with name 'dataSourceScriptDatabaseInitializer' defined in class path resource [org/springframework/boot/autoconfigure/sql/init/DataSourceInitializationConfiguration.class]: Invocation of init method failed; nested exception is org.springframework.jdbc.datasource.init.UncategorizedScriptException: Failed to execute database script; nested exception is org.springframework.jdbc.CannotGetJdbcConnectionException: Failed to obtain JDBC Connection; nested exception is com.mysql.cj.jdbc.exceptions.CommunicationsException: Communications link failure

The last packet sent successfully to the server was 0 milliseconds ago. The driver has not received any packets from the server.
	at org.springframework.beans.factory.annotation.AutowiredAnnotationBeanPostProcessor$AutowiredFieldElement.resolveFieldValue(AutowiredAnnotationBeanPostProcessor.java:659)
	at org.springframework.beans.factory.annotation.AutowiredAnnotationBeanPostProcessor$AutowiredFieldElement.inject(AutowiredAnnotationBeanPostProcessor.java:639)
	at org.springframework.beans.factory.annotation.InjectionMetadata.inject(InjectionMetadata.java:119)
	at org.springframework.beans.factory.annotation.AutowiredAnnotationBeanPostProcessor.postProcessProperties(AutowiredAnnotationBeanPostProcessor.java:399)
	at org.springframework.beans.factory.support.AbstractAutowireCapableBeanFactory.populateBean(AbstractAutowireCapableBeanFactory.java:1431)
	at org.springframework.beans.factory.support.AbstractAutowireCapableBeanFactory.doCreateBean(AbstractAutowireCapableBeanFactory.java:619)
	at org.springframework.beans.factory.support.AbstractAutowireCapableBeanFactory.createBean(AbstractAutowireCapableBeanFactory.java:542)
	at org.springframework.beans.factory.support.AbstractBeanFactory.lambda$doGetBean$0(AbstractBeanFactory.java:335)
	at org.springframework.beans.factory.support.DefaultSingletonBeanRegistry.getSingleton(DefaultSingletonBeanRegistry.java:234)
	at org.springframework.beans.factory.support.AbstractBeanFactory.doGetBean(AbstractBeanFactory.java:333)
	at org.springframework.beans.factory.support.AbstractBeanFactory.getBean(AbstractBeanFactory.java:208)
	at org.springframework.beans.factory.support.DefaultListableBeanFactory.preInstantiateSingletons(DefaultListableBeanFactory.java:953)
	at org.springframework.context.support.AbstractApplicationContext.finishBeanFactoryInitialization(AbstractApplicationContext.java:918)
	at org.springframework.context.support.AbstractApplicationContext.refresh(AbstractApplicationContext.java:583)
	at org.springframework.boot.SpringApplication.refresh(SpringApplication.java:732)
	at org.springframework.boot.SpringApplication.refreshContext(SpringApplication.java:414)
	at org.springframework.boot.SpringApplication.run(SpringApplication.java:302)
	at org.springframework.boot.builder.SpringApplicationBuilder.run(SpringApplicationBuilder.java:164)
	at com.example.batchprocessing.BatchProcessingApplication.main(BatchProcessingApplication.java:17)
	at sun.reflect.NativeMethodAccessorImpl.invoke0(Native Method)
	at sun.reflect.NativeMethodAccessorImpl.invoke(NativeMethodAccessorImpl.java:62)
	at sun.reflect.DelegatingMethodAccessorImpl.invoke(DelegatingMethodAccessorImpl.java:43)
	at java.lang.reflect.Method.invoke(Method.java:498)
	at org.springframework.boot.loader.MainMethodRunner.run(MainMethodRunner.java:49)
	at org.springframework.boot.loader.Launcher.launch(Launcher.java:108)
	at org.springframework.boot.loader.Launcher.launch(Launcher.java:58)
	at org.springframework.boot.loader.JarLauncher.main(JarLauncher.java:88)
Caused by: org.springframework.beans.factory.BeanCreationException: Error creating bean with name 'dataSourceScriptDatabaseInitializer' defined in class path resource [org/springframework/boot/autoconfigure/sql/init/DataSourceInitializationConfiguration.class]: Invocation of init method failed; nested exception is org.springframework.jdbc.datasource.init.UncategorizedScriptException: Failed to execute database script; nested exception is org.springframework.jdbc.CannotGetJdbcConnectionException: Failed to obtain JDBC Connection; nested exception is com.mysql.cj.jdbc.exceptions.CommunicationsException: Communications link failure

The last packet sent successfully to the server was 0 milliseconds ago. The driver has not received any packets from the server.
	at org.springframework.beans.factory.support.AbstractAutowireCapableBeanFactory.initializeBean(AbstractAutowireCapableBeanFactory.java:1804)
	at org.springframework.beans.factory.support.AbstractAutowireCapableBeanFactory.doCreateBean(AbstractAutowireCapableBeanFactory.java:620)
	at org.springframework.beans.factory.support.AbstractAutowireCapableBeanFactory.createBean(AbstractAutowireCapableBeanFactory.java:542)
	at org.springframework.beans.factory.support.AbstractBeanFactory.lambda$doGetBean$0(AbstractBeanFactory.java:335)
	at org.springframework.beans.factory.support.DefaultSingletonBeanRegistry.getSingleton(DefaultSingletonBeanRegistry.java:234)
	at org.springframework.beans.factory.support.AbstractBeanFactory.doGetBean(AbstractBeanFactory.java:333)
	at org.springframework.beans.factory.support.AbstractBeanFactory.getBean(AbstractBeanFactory.java:208)
	at org.springframework.beans.factory.support.AbstractBeanFactory.doGetBean(AbstractBeanFactory.java:322)
	at org.springframework.beans.factory.support.AbstractBeanFactory.getBean(AbstractBeanFactory.java:208)
	at org.springframework.beans.factory.config.DependencyDescriptor.resolveCandidate(DependencyDescriptor.java:276)
	at org.springframework.beans.factory.support.DefaultListableBeanFactory.doResolveDependency(DefaultListableBeanFactory.java:1389)
	at org.springframework.beans.factory.support.DefaultListableBeanFactory.resolveDependency(DefaultListableBeanFactory.java:1309)
	at org.springframework.beans.factory.annotation.AutowiredAnnotationBeanPostProcessor$AutowiredFieldElement.resolveFieldValue(AutowiredAnnotationBeanPostProcessor.java:656)
	... 26 common frames omitted
Caused by: org.springframework.jdbc.datasource.init.UncategorizedScriptException: Failed to execute database script; nested exception is org.springframework.jdbc.CannotGetJdbcConnectionException: Failed to obtain JDBC Connection; nested exception is com.mysql.cj.jdbc.exceptions.CommunicationsException: Communications link failure

The last packet sent successfully to the server was 0 milliseconds ago. The driver has not received any packets from the server.
	at org.springframework.jdbc.datasource.init.DatabasePopulatorUtils.execute(DatabasePopulatorUtils.java:67)
	at org.springframework.boot.jdbc.init.DataSourceScriptDatabaseInitializer.runScripts(DataSourceScriptDatabaseInitializer.java:90)
	at org.springframework.boot.sql.init.AbstractScriptDatabaseInitializer.runScripts(AbstractScriptDatabaseInitializer.java:145)
	at org.springframework.boot.sql.init.AbstractScriptDatabaseInitializer.applyScripts(AbstractScriptDatabaseInitializer.java:107)
	at org.springframework.boot.sql.init.AbstractScriptDatabaseInitializer.applySchemaScripts(AbstractScriptDatabaseInitializer.java:97)
	at org.springframework.boot.sql.init.AbstractScriptDatabaseInitializer.initializeDatabase(AbstractScriptDatabaseInitializer.java:75)
	at org.springframework.boot.sql.init.AbstractScriptDatabaseInitializer.afterPropertiesSet(AbstractScriptDatabaseInitializer.java:65)
	at org.springframework.beans.factory.support.AbstractAutowireCapableBeanFactory.invokeInitMethods(AbstractAutowireCapableBeanFactory.java:1863)
	at org.springframework.beans.factory.support.AbstractAutowireCapableBeanFactory.initializeBean(AbstractAutowireCapableBeanFactory.java:1800)
	... 38 common frames omitted
Caused by: org.springframework.jdbc.CannotGetJdbcConnectionException: Failed to obtain JDBC Connection; nested exception is com.mysql.cj.jdbc.exceptions.CommunicationsException: Communications link failure

The last packet sent successfully to the server was 0 milliseconds ago. The driver has not received any packets from the server.
	at org.springframework.jdbc.datasource.DataSourceUtils.getConnection(DataSourceUtils.java:83)
	at org.springframework.jdbc.datasource.init.DatabasePopulatorUtils.execute(DatabasePopulatorUtils.java:52)
	... 46 common frames omitted
Caused by: com.mysql.cj.jdbc.exceptions.CommunicationsException: Communications link failure

The last packet sent successfully to the server was 0 milliseconds ago. The driver has not received any packets from the server.
	at com.mysql.cj.jdbc.exceptions.SQLError.createCommunicationsException(SQLError.java:174)
	at com.mysql.cj.jdbc.exceptions.SQLExceptionsMapping.translateException(SQLExceptionsMapping.java:64)
	at com.mysql.cj.jdbc.ConnectionImpl.createNewIO(ConnectionImpl.java:829)
	at com.mysql.cj.jdbc.ConnectionImpl.<init>(ConnectionImpl.java:449)
	at com.mysql.cj.jdbc.ConnectionImpl.getInstance(ConnectionImpl.java:242)
	at com.mysql.cj.jdbc.NonRegisteringDriver.connect(NonRegisteringDriver.java:198)
	at com.zaxxer.hikari.util.DriverDataSource.getConnection(DriverDataSource.java:138)
	at com.zaxxer.hikari.pool.PoolBase.newConnection(PoolBase.java:364)
	at com.zaxxer.hikari.pool.PoolBase.newPoolEntry(PoolBase.java:206)
	at com.zaxxer.hikari.pool.HikariPool.createPoolEntry(HikariPool.java:476)
	at com.zaxxer.hikari.pool.HikariPool.checkFailFast(HikariPool.java:561)
	at com.zaxxer.hikari.pool.HikariPool.<init>(HikariPool.java:115)
	at com.zaxxer.hikari.HikariDataSource.getConnection(HikariDataSource.java:112)
	at org.springframework.jdbc.datasource.DataSourceUtils.fetchConnection(DataSourceUtils.java:159)
	at org.springframework.jdbc.datasource.DataSourceUtils.doGetConnection(DataSourceUtils.java:117)
	at org.springframework.jdbc.datasource.DataSourceUtils.getConnection(DataSourceUtils.java:80)
	... 47 common frames omitted
Caused by: com.mysql.cj.exceptions.CJCommunicationsException: Communications link failure

The last packet sent successfully to the server was 0 milliseconds ago. The driver has not received any packets from the server.
	at sun.reflect.NativeConstructorAccessorImpl.newInstance0(Native Method)
	at sun.reflect.NativeConstructorAccessorImpl.newInstance(NativeConstructorAccessorImpl.java:62)
	at sun.reflect.DelegatingConstructorAccessorImpl.newInstance(DelegatingConstructorAccessorImpl.java:45)
	at java.lang.reflect.Constructor.newInstance(Constructor.java:423)
	at com.mysql.cj.exceptions.ExceptionFactory.createException(ExceptionFactory.java:61)
	at com.mysql.cj.exceptions.ExceptionFactory.createException(ExceptionFactory.java:105)
	at com.mysql.cj.exceptions.ExceptionFactory.createException(ExceptionFactory.java:151)
	at com.mysql.cj.exceptions.ExceptionFactory.createCommunicationsException(ExceptionFactory.java:167)
	at com.mysql.cj.protocol.a.NativeSocketConnection.connect(NativeSocketConnection.java:89)
	at com.mysql.cj.NativeSession.connect(NativeSession.java:120)
	at com.mysql.cj.jdbc.ConnectionImpl.connectOneTryOnly(ConnectionImpl.java:949)
	at com.mysql.cj.jdbc.ConnectionImpl.createNewIO(ConnectionImpl.java:819)
	... 60 common frames omitted
Caused by: java.net.ConnectException: Connection refused (Connection refused)
	at java.net.PlainSocketImpl.socketConnect(Native Method)
	at java.net.AbstractPlainSocketImpl.doConnect(AbstractPlainSocketImpl.java:350)
	at java.net.AbstractPlainSocketImpl.connectToAddress(AbstractPlainSocketImpl.java:206)
	at java.net.AbstractPlainSocketImpl.connect(AbstractPlainSocketImpl.java:188)
	at java.net.SocksSocketImpl.connect(SocksSocketImpl.java:392)
	at java.net.Socket.connect(Socket.java:589)
	at com.mysql.cj.protocol.StandardSocketFactory.connect(StandardSocketFactory.java:156)
	at com.mysql.cj.protocol.a.NativeSocketConnection.connect(NativeSocketConnection.java:63)
	... 63 common frames omitted
2022-02-17 21:09:13,629 INFO org.springframework.boot.StartupInfoLogger [main] Starting BatchProcessingApplication v0.0.1-SNAPSHOT using Java 1.8.0_212 on 4b3b79b4fce3 with PID 1 (/app/app.jar started by root in /app)
2022-02-17 21:09:13,634 INFO org.springframework.boot.SpringApplication [main] No active profile set, falling back to default profiles: default
2022-02-17 21:09:14,760 INFO org.springframework.core.log.LogAccessor [main] No bean named 'errorChannel' has been explicitly defined. Therefore, a default PublishSubscribeChannel will be created.
2022-02-17 21:09:14,786 INFO org.springframework.core.log.LogAccessor [main] No bean named 'integrationHeaderChannelRegistry' has been explicitly defined. Therefore, a default DefaultHeaderChannelRegistry will be created.
2022-02-17 21:09:15,536 INFO org.springframework.context.support.PostProcessorRegistrationDelegate$BeanPostProcessorChecker [main] Bean 'org.springframework.integration.config.IntegrationManagementConfiguration' of type [org.springframework.integration.config.IntegrationManagementConfiguration] is not eligible for getting processed by all BeanPostProcessors (for example: not eligible for auto-proxying)
2022-02-17 21:09:15,560 INFO org.springframework.context.support.PostProcessorRegistrationDelegate$BeanPostProcessorChecker [main] Bean 'integrationChannelResolver' of type [org.springframework.integration.support.channel.BeanFactoryChannelResolver] is not eligible for getting processed by all BeanPostProcessors (for example: not eligible for auto-proxying)
2022-02-17 21:09:16,163 INFO com.zaxxer.hikari.HikariDataSource [main] HikariPool-1 - Starting...
2022-02-17 21:09:16,169 WARN com.zaxxer.hikari.util.DriverDataSource [main] Registered driver with driverClassName=com.mysql.jdbc.Driver was not found, trying direct instantiation.
2022-02-17 21:09:16,691 INFO com.zaxxer.hikari.HikariDataSource [main] HikariPool-1 - Start completed.
2022-02-17 21:09:17,880 INFO org.springframework.batch.core.repository.support.JobRepositoryFactoryBean [main] No database type set, using meta data indicating: MYSQL
2022-02-17 21:09:17,927 INFO org.springframework.batch.core.launch.support.SimpleJobLauncher [main] No TaskExecutor has been set, defaulting to synchronous executor.
2022-02-17 21:09:18,153 INFO org.springframework.core.log.LogAccessor [main] Adding {logging-channel-adapter:_org.springframework.integration.errorLogger} as a subscriber to the 'errorChannel' channel
2022-02-17 21:09:18,154 INFO org.springframework.core.log.LogAccessor [main] Channel 'application.errorChannel' has 1 subscriber(s).
2022-02-17 21:09:18,155 INFO org.springframework.core.log.LogAccessor [main] started bean '_org.springframework.integration.errorLogger'
2022-02-17 21:09:18,171 INFO org.springframework.core.log.LogAccessor [main] Adding {transformer} as a subscriber to the 'sampleFlow.channel#0' channel
2022-02-17 21:09:18,171 INFO org.springframework.core.log.LogAccessor [main] Channel 'application.sampleFlow.channel#0' has 1 subscriber(s).
2022-02-17 21:09:18,172 INFO org.springframework.core.log.LogAccessor [main] started bean 'sampleFlow.org.springframework.integration.config.ConsumerEndpointFactoryBean#0'; defined in: 'class path resource [com/example/batchprocessing/IntegrationConfiguration.class]'; from source: 'bean method sampleFlow'
2022-02-17 21:09:18,172 INFO org.springframework.core.log.LogAccessor [main] Adding {filter} as a subscriber to the 'sampleFlow.channel#1' channel
2022-02-17 21:09:18,173 INFO org.springframework.core.log.LogAccessor [main] Channel 'application.sampleFlow.channel#1' has 1 subscriber(s).
2022-02-17 21:09:18,173 INFO org.springframework.core.log.LogAccessor [main] started bean 'sampleFlow.org.springframework.integration.config.ConsumerEndpointFactoryBean#1'; defined in: 'class path resource [com/example/batchprocessing/IntegrationConfiguration.class]'; from source: 'bean method sampleFlow'
2022-02-17 21:09:18,174 INFO org.springframework.core.log.LogAccessor [main] Adding {message-handler} as a subscriber to the 'sampleFlow.channel#2' channel
2022-02-17 21:09:18,174 INFO org.springframework.core.log.LogAccessor [main] Channel 'application.sampleFlow.channel#2' has 1 subscriber(s).
2022-02-17 21:09:18,174 INFO org.springframework.core.log.LogAccessor [main] started bean 'sampleFlow.org.springframework.integration.config.ConsumerEndpointFactoryBean#2'; defined in: 'class path resource [com/example/batchprocessing/IntegrationConfiguration.class]'; from source: 'bean method sampleFlow'
2022-02-17 21:09:18,175 INFO org.springframework.core.log.LogAccessor [main] Adding {bridge} as a subscriber to the 'sampleFlow.channel#4' channel
2022-02-17 21:09:18,175 INFO org.springframework.core.log.LogAccessor [main] Channel 'application.sampleFlow.channel#4' has 1 subscriber(s).
2022-02-17 21:09:18,176 INFO org.springframework.core.log.LogAccessor [main] started bean 'sampleFlow.org.springframework.integration.config.ConsumerEndpointFactoryBean#3'; defined in: 'class path resource [com/example/batchprocessing/IntegrationConfiguration.class]'; from source: 'bean method sampleFlow'
2022-02-17 21:09:18,182 INFO org.springframework.core.log.LogAccessor [main] started bean 'sampleFlow.org.springframework.integration.config.SourcePollingChannelAdapterFactoryBean#0'; defined in: 'class path resource [com/example/batchprocessing/IntegrationConfiguration.class]'; from source: 'bean method sampleFlow'
2022-02-17 21:09:18,209 INFO org.springframework.boot.StartupInfoLogger [main] Started BatchProcessingApplication in 5.424 seconds (JVM running for 6.272)
2022-02-17 21:09:18,410 INFO org.springframework.batch.core.launch.support.SimpleJobLauncher$1 [taskExecutor-1] Job: [FlowJob: [name=importTaskJob]] launched with the following parameters: [{file_path=/data/task.csv, timestamp=1645132158206}]
2022-02-17 21:09:18,420 INFO org.springframework.core.log.LogAccessor [scheduling-1] GenericMessage [payload=JobExecution: id=1, version=0, startTime=null, endTime=null, lastUpdated=Thu Feb 17 21:09:18 GMT 2022, status=STARTING, exitStatus=exitCode=UNKNOWN;exitDescription=, job=[JobInstance: id=1, version=0, Job=[importTaskJob]], jobParameters=[{file_path=/data/task.csv, timestamp=1645132158206}], headers={file_originalFile=/data/task.csv, id=804f2090-012f-128c-1b25-38aa8683629c, file_name=task.csv, file_relativePath=task.csv, timestamp=1645132158410}]
2022-02-17 21:09:18,501 INFO org.springframework.core.log.LogAccessor [scheduling-1] GenericMessage [payload=JobExecution: id=2, version=0, startTime=null, endTime=null, lastUpdated=Thu Feb 17 21:09:18 GMT 2022, status=STARTING, exitStatus=exitCode=UNKNOWN;exitDescription=, job=[JobInstance: id=2, version=0, Job=[importTeamJob]], jobParameters=[{file_path=/data/team.csv, timestamp=1645132158428}], headers={file_originalFile=/data/team.csv, id=5ab06164-034e-b6df-d024-72ec4d1a1b96, file_name=team.csv, file_relativePath=team.csv, timestamp=1645132158500}]
2022-02-17 21:09:18,501 INFO org.springframework.batch.core.launch.support.SimpleJobLauncher$1 [taskExecutor-2] Job: [FlowJob: [name=importTeamJob]] launched with the following parameters: [{file_path=/data/team.csv, timestamp=1645132158428}]
2022-02-17 21:09:18,549 INFO org.springframework.batch.core.job.SimpleStepHandler [taskExecutor-1] Executing step: [importTaskStep]
2022-02-17 21:09:18,561 INFO org.springframework.batch.core.job.SimpleStepHandler [taskExecutor-2] Executing step: [importTeamStep]
2022-02-17 21:09:18,577 INFO org.springframework.batch.core.launch.support.SimpleJobLauncher$1 [taskExecutor-3] Job: [FlowJob: [name=importTeamSkillJob]] launched with the following parameters: [{file_path=/data/team_skill.csv, timestamp=1645132158505}]
2022-02-17 21:09:18,579 INFO org.springframework.core.log.LogAccessor [scheduling-1] GenericMessage [payload=JobExecution: id=3, version=0, startTime=null, endTime=null, lastUpdated=Thu Feb 17 21:09:18 GMT 2022, status=STARTING, exitStatus=exitCode=UNKNOWN;exitDescription=, job=[JobInstance: id=3, version=0, Job=[importTeamSkillJob]], jobParameters=[{file_path=/data/team_skill.csv, timestamp=1645132158505}], headers={file_originalFile=/data/team_skill.csv, id=0656355c-263c-a10e-6c08-87b4fc13b5c2, file_name=team_skill.csv, file_relativePath=team_skill.csv, timestamp=1645132158577}]
2022-02-17 21:09:18,616 INFO org.springframework.batch.core.job.SimpleStepHandler [taskExecutor-3] Executing step: [importTeamSkillStep]
2022-02-17 21:09:18,767 INFO org.springframework.batch.core.step.AbstractStep [taskExecutor-2] Step: [importTeamStep] executed in 205ms
2022-02-17 21:09:18,788 INFO org.springframework.batch.core.step.AbstractStep [taskExecutor-3] Step: [importTeamSkillStep] executed in 172ms
2022-02-17 21:09:18,840 INFO org.springframework.batch.core.job.SimpleStepHandler [taskExecutor-2] Executing step: [deleteFileStep]
2022-02-17 21:09:18,855 INFO org.springframework.batch.core.job.SimpleStepHandler [taskExecutor-3] Executing step: [deleteFileStep]
2022-02-17 21:09:18,875 INFO org.springframework.batch.core.step.AbstractStep [taskExecutor-2] Step: [deleteFileStep] executed in 34ms
2022-02-17 21:09:18,876 INFO org.springframework.batch.core.step.AbstractStep [taskExecutor-1] Step: [importTaskStep] executed in 327ms
2022-02-17 21:09:18,888 INFO org.springframework.batch.core.step.AbstractStep [taskExecutor-3] Step: [deleteFileStep] executed in 32ms
2022-02-17 21:09:18,898 INFO com.example.batchprocessing.JobCompletionNotificationListener [taskExecutor-2] !!! JOB FINISHED! Time to verify the results
2022-02-17 21:09:18,916 INFO com.example.batchprocessing.JobCompletionNotificationListener [taskExecutor-3] !!! JOB FINISHED! Time to verify the results
2022-02-17 21:09:18,949 INFO org.springframework.batch.core.job.SimpleStepHandler [taskExecutor-1] Executing step: [deleteFileStep]
2022-02-17 21:09:18,985 INFO org.springframework.batch.core.step.AbstractStep [taskExecutor-1] Step: [deleteFileStep] executed in 35ms
2022-02-17 21:09:18,996 INFO org.springframework.amqp.rabbit.connection.AbstractConnectionFactory [taskExecutor-2] Attempting to connect to: rabbitmq:5672
2022-02-17 21:09:19,008 INFO com.example.batchprocessing.JobCompletionNotificationListener [taskExecutor-1] !!! JOB FINISHED! Time to verify the results
2022-02-17 21:09:19,100 INFO org.springframework.amqp.rabbit.connection.AbstractConnectionFactory [taskExecutor-2] Created new connection: connectionFactory#1a0dcaa:0/SimpleConnection@7f1b6779 [delegate=amqp://root@172.27.0.3:5672/, localPort= 36398]
2022-02-17 21:09:19,162 INFO org.springframework.batch.core.launch.support.SimpleJobLauncher$1 [taskExecutor-1] Job: [FlowJob: [name=importTaskJob]] completed with the following parameters: [{file_path=/data/task.csv, timestamp=1645132158206}] and the following status: [COMPLETED] in 543ms
2022-02-17 21:09:19,167 INFO org.springframework.batch.core.launch.support.SimpleJobLauncher$1 [taskExecutor-2] Job: [FlowJob: [name=importTeamJob]] completed with the following parameters: [{file_path=/data/team.csv, timestamp=1645132158428}] and the following status: [COMPLETED] in 392ms
2022-02-17 21:09:19,169 INFO org.springframework.batch.core.launch.support.SimpleJobLauncher$1 [taskExecutor-3] Job: [FlowJob: [name=importTeamSkillJob]] completed with the following parameters: [{file_path=/data/team_skill.csv, timestamp=1645132158505}] and the following status: [COMPLETED] in 338ms
2022-02-17 21:09:52,591 INFO org.springframework.core.log.LogAccessor [SpringApplicationShutdownHook] stopped bean 'sampleFlow.org.springframework.integration.config.SourcePollingChannelAdapterFactoryBean#0'; defined in: 'class path resource [com/example/batchprocessing/IntegrationConfiguration.class]'; from source: 'bean method sampleFlow'
2022-02-17 21:09:52,602 INFO org.springframework.core.log.LogAccessor [SpringApplicationShutdownHook] Removing {transformer} as a subscriber to the 'sampleFlow.channel#0' channel
2022-02-17 21:09:52,602 INFO org.springframework.core.log.LogAccessor [SpringApplicationShutdownHook] Channel 'application.sampleFlow.channel#0' has 0 subscriber(s).
2022-02-17 21:09:52,603 INFO org.springframework.core.log.LogAccessor [SpringApplicationShutdownHook] stopped bean 'sampleFlow.org.springframework.integration.config.ConsumerEndpointFactoryBean#0'; defined in: 'class path resource [com/example/batchprocessing/IntegrationConfiguration.class]'; from source: 'bean method sampleFlow'
2022-02-17 21:09:52,603 INFO org.springframework.core.log.LogAccessor [SpringApplicationShutdownHook] Removing {filter} as a subscriber to the 'sampleFlow.channel#1' channel
2022-02-17 21:09:52,604 INFO org.springframework.core.log.LogAccessor [SpringApplicationShutdownHook] Channel 'application.sampleFlow.channel#1' has 0 subscriber(s).
2022-02-17 21:09:52,605 INFO org.springframework.core.log.LogAccessor [SpringApplicationShutdownHook] stopped bean 'sampleFlow.org.springframework.integration.config.ConsumerEndpointFactoryBean#1'; defined in: 'class path resource [com/example/batchprocessing/IntegrationConfiguration.class]'; from source: 'bean method sampleFlow'
2022-02-17 21:09:52,605 INFO org.springframework.core.log.LogAccessor [SpringApplicationShutdownHook] Removing {message-handler} as a subscriber to the 'sampleFlow.channel#2' channel
2022-02-17 21:09:52,606 INFO org.springframework.core.log.LogAccessor [SpringApplicationShutdownHook] Channel 'application.sampleFlow.channel#2' has 0 subscriber(s).
2022-02-17 21:09:52,606 INFO org.springframework.core.log.LogAccessor [SpringApplicationShutdownHook] stopped bean 'sampleFlow.org.springframework.integration.config.ConsumerEndpointFactoryBean#2'; defined in: 'class path resource [com/example/batchprocessing/IntegrationConfiguration.class]'; from source: 'bean method sampleFlow'
2022-02-17 21:09:52,607 INFO org.springframework.core.log.LogAccessor [SpringApplicationShutdownHook] Removing {bridge} as a subscriber to the 'sampleFlow.channel#4' channel
2022-02-17 21:09:52,607 INFO org.springframework.core.log.LogAccessor [SpringApplicationShutdownHook] Channel 'application.sampleFlow.channel#4' has 0 subscriber(s).
2022-02-17 21:09:52,608 INFO org.springframework.core.log.LogAccessor [SpringApplicationShutdownHook] stopped bean 'sampleFlow.org.springframework.integration.config.ConsumerEndpointFactoryBean#3'; defined in: 'class path resource [com/example/batchprocessing/IntegrationConfiguration.class]'; from source: 'bean method sampleFlow'
2022-02-17 21:09:52,608 INFO org.springframework.core.log.LogAccessor [SpringApplicationShutdownHook] Removing {logging-channel-adapter:_org.springframework.integration.errorLogger} as a subscriber to the 'errorChannel' channel
2022-02-17 21:09:52,609 INFO org.springframework.core.log.LogAccessor [SpringApplicationShutdownHook] Channel 'application.errorChannel' has 0 subscriber(s).
2022-02-17 21:09:52,609 INFO org.springframework.core.log.LogAccessor [SpringApplicationShutdownHook] stopped bean '_org.springframework.integration.errorLogger'
2022-02-17 21:09:52,617 INFO com.zaxxer.hikari.HikariDataSource [SpringApplicationShutdownHook] HikariPool-1 - Shutdown initiated...
2022-02-17 21:09:52,629 INFO com.zaxxer.hikari.HikariDataSource [SpringApplicationShutdownHook] HikariPool-1 - Shutdown completed.
